<?xml version="1.0" encoding="UTF-8"?>
<!-- Generated by org.testng.reporters.JUnitReportReporter -->
<testsuite skipped="0" hostname="LAPTOP-Q5OV832H" name="testngsamples.Actitime_Priority" tests="4" failures="0" timestamp="15 Sep 2022 17:13:19 GMT" time="0.022" errors="0">
  <testcase name="openBrowserAndAppURL" time="0.018" classname="testngsamples.Actitime_Priority"/>
  <testcase name="login" time="0.002" classname="testngsamples.Actitime_Priority"/>
  <testcase name="createTask" time="0.001" classname="testngsamples.Actitime_Priority"/>
  <testcase name="logoutClose" time="0.001" classname="testngsamples.Actitime_Priority"/>
</testsuite> <!-- testngsamples.Actitime_Priority -->
